\BOOKMARK [0][-]{chapter.1}{Program\341torsk\341 c\341st}{}% 1
\BOOKMARK [1][-]{section.1.1}{Matematick\341 knihovna}{chapter.1}% 2
\BOOKMARK [1][-]{section.1.2}{Kamera}{chapter.1}% 3
\BOOKMARK [2][-]{subsection.1.2.1}{LookAt}{section.1.2}% 4
\BOOKMARK [2][-]{subsection.1.2.2}{Ovl\341d\341n\355 kamery}{section.1.2}% 5
\BOOKMARK [1][-]{section.1.3}{GLEW \040 GLAD}{chapter.1}% 6
\BOOKMARK [1][-]{section.1.4}{Fyzik\341ln\355 jednotky}{chapter.1}% 7
\BOOKMARK [1][-]{section.1.5}{Reorganizace ImGuiViewer}{chapter.1}% 8
\BOOKMARK [1][-]{section.1.6}{Vykreslov\341n\355 simulace}{chapter.1}% 9
\BOOKMARK [2][-]{subsection.1.6.1}{SimDataDrawer}{section.1.6}% 10
\BOOKMARK [2][-]{subsection.1.6.2}{GridDrawer}{section.1.6}% 11
\BOOKMARK [1][-]{section.1.7}{Nov\351 u\236ivatelsk\351 rozhran\355}{chapter.1}% 12
\BOOKMARK [1][-]{section.1.8}{Vylep\235en\355 a opravy}{chapter.1}% 13
\BOOKMARK [0][-]{chapter.2}{Kompilace programu}{}% 14
\BOOKMARK [1][-]{section.2.1}{Git}{chapter.2}% 15
\BOOKMARK [1][-]{section.2.2}{Windows}{chapter.2}% 16
\BOOKMARK [1][-]{section.2.3}{Unix}{chapter.2}% 17
\BOOKMARK [0][-]{chapter.3}{U\236ivatelsk\341 pr\355rucka}{}% 18
\BOOKMARK [1][-]{section.3.1}{Po\236adavky}{chapter.3}% 19
\BOOKMARK [1][-]{section.3.2}{Z\341kladn\355 ovlad\341n\355}{chapter.3}% 20
\BOOKMARK [1][-]{section.3.3}{Pokrocil\351 mo\236nosti}{chapter.3}% 21
